<?xml version="1.0" encoding="UTF-8"?>
<!-- Generated by org.testng.reporters.JUnitXMLReporter -->
<testsuite hostname="DESKTOP-LDUR2H9" ignored="0" name="Test" tests="5" failures="0" timestamp="2022-03-24T11:04:15 IST" time="0.14" errors="0">
  <testcase name="leadsDeleted" time="0.016" classname="com.crm.TestCases.CreateLeadsTest"/>
  <testcase name="leadsWithMandatoryFields" time="0.005" classname="com.crm.TestCases.CreateLeadsTest"/>
  <testcase name="createCamp" time="0.004" classname="com.crm.TestCases.CreateCampaignTest"/>
  <testcase name="contactWithMandatoryField" time="0.002" classname="com.crm.TestCases.CreateContactTest"/>
  <testcase name="contactWithOrg" time="0.004" classname="com.crm.TestCases.CreateContactTest"/>
</testsuite> <!-- Test -->
